app_02/build/app/intermediates/manifest_merge_blame_file/debug/processDebugMainManifest/manifest-merger-blame-debug-report.txt
1<?xml version="1.0" encoding="utf-8"?>
2<manifest xmlns:android="http://schemas.android.com/apk/res/android"
3    package="com.example.app_02"
4    android:versionCode="1"
5    android:versionName="1.0.0" >
6
7    <uses-sdk
8        android:minSdkVersion="21"
9        android:targetSdkVersion="35" />
10    <!--
11         The INTERNET permission is required for development. Specifically,
12         the Flutter tool needs it to communicate with the running application
13         to allow setting breakpoints, to provide hot reload, etc.
14    -->
15    <uses-permission android:name="android.permission.INTERNET" />
15-->src\debug\AndroidManifest.xml:6:5-66
15-->src\debug\AndroidManifest.xml:6:22-64
16    <uses-permission android:name="android.permission.READ_EXTERNAL_STORAGE" />
16-->src\main\AndroidManifest.xml:3:5-80
16-->src\main\AndroidManifest.xml:3:22-77
17    <uses-permission android:name="android.permission.WRITE_EXTERNAL_STORAGE" />
17-->src\main\AndroidManifest.xml:4:5-81
17-->src\main\AndroidManifest.xml:4:22-78
18    <uses-permission android:name="android.permission.CAMERA" />
18-->src\main\AndroidManifest.xml:5:5-65
18-->src\main\AndroidManifest.xml:5:22-62
19
20    <uses-feature
20-->src\main\AndroidManifest.xml:8:5-85
21        android:name="android.hardware.camera"
21-->src\main\AndroidManifest.xml:8:19-57
22        android:required="false" />
22-->src\main\AndroidManifest.xml:8:58-82
23    <uses-feature
23-->src\main\AndroidManifest.xml:9:5-95
24        android:name="android.hardware.camera.autofocus"
24-->src\main\AndroidManifest.xml:9:19-67
25        android:required="false" />
25-->src\main\AndroidManifest.xml:9:68-92
26    <!--
27 Required to query activities that can process text, see:
28         https://developer.android.com/training/package-visibility and
29         https://developer.android.com/reference/android/content/Intent#ACTION_PROCESS_TEXT.
30
31         In particular, this is used by the Flutter engine in io.flutter.plugin.text.ProcessTextPlugin.
32    -->
33    <queries>
33-->src\main\AndroidManifest.xml:49:5-54:15
34        <intent>
34-->src\main\AndroidManifest.xml:50:9-53:18
35            <action android:name="android.intent.action.PROCESS_TEXT" />
35-->src\main\AndroidManifest.xml:51:13-72
35-->src\main\AndroidManifest.xml:51:21-70
36
37            <data android:mimeType="text/plain" />
37-->src\main\AndroidManifest.xml:52:13-50
37-->src\main\AndroidManifest.xml:52:19-48
38        </intent>
39        <!-- Needs to be explicitly declared on Android R+ -->
40        <package android:name="com.google.android.apps.maps" />
40-->[com.google.android.gms:play-services-maps:18.2.0] AndroidManifest.xml:33:9-64
40-->[com.google.android.gms:play-services-maps:18.2.0] AndroidManifest.xml:33:18-61
41    </queries> <!-- Include required permissions for Google Maps API to run. -->
42    <uses-permission android:name="android.permission.ACCESS_NETWORK_STATE" />
42-->[com.google.android.gms:play-services-maps:18.2.0] AndroidManifest.xml:23:5-79
42-->[com.google.android.gms:play-services-maps:18.2.0] AndroidManifest.xml:23:22-76
43
44    <uses-feature
44-->[com.google.android.gms:play-services-maps:18.2.0] AndroidManifest.xml:26:5-28:35
45        android:glEsVersion="0x00020000"
45-->[com.google.android.gms:play-services-maps:18.2.0] AndroidManifest.xml:27:9-41
46        android:required="true" />
46-->[com.google.android.gms:play-services-maps:18.2.0] AndroidManifest.xml:28:9-32
47
48    <permission
48-->[androidx.core:core:1.13.1] AndroidManifest.xml:22:5-24:47
49        android:name="com.example.app_02.DYNAMIC_RECEIVER_NOT_EXPORTED_PERMISSION"
49-->[androidx.core:core:1.13.1] AndroidManifest.xml:23:9-81
50        android:protectionLevel="signature" />
50-->[androidx.core:core:1.13.1] AndroidManifest.xml:24:9-44
51
52    <uses-permission android:name="com.example.app_02.DYNAMIC_RECEIVER_NOT_EXPORTED_PERMISSION" />
52-->[androidx.core:core:1.13.1] AndroidManifest.xml:26:5-97
52-->[androidx.core:core:1.13.1] AndroidManifest.xml:26:22-94
53
54    <application
55        android:name="android.app.Application"
56        android:appComponentFactory="androidx.core.app.CoreComponentFactory"
56-->[androidx.core:core:1.13.1] AndroidManifest.xml:28:18-86
57        android:debuggable="true"
58        android:extractNativeLibs="true"
59        android:icon="@mipmap/ic_launcher"
60        android:label="app_02" >
61        <activity
62            android:name="com.example.app_02.MainActivity"
63            android:configChanges="orientation|keyboardHidden|keyboard|screenSize|smallestScreenSize|locale|layoutDirection|fontScale|screenLayout|density|uiMode"
64            android:exported="true"
65            android:hardwareAccelerated="true"
66            android:launchMode="singleTop"
67            android:taskAffinity=""
68            android:theme="@style/LaunchTheme"
69            android:windowSoftInputMode="adjustResize" >
70
71            <!--
72                 Specifies an Android theme to apply to this Activity as soon as
73                 the Android process has started. This theme is visible to the user
74                 while the Flutter UI initializes. After that, this theme continues
75                 to determine the Window background behind the Flutter UI.
76            -->
77            <meta-data
78                android:name="io.flutter.embedding.android.NormalTheme"
79                android:resource="@style/NormalTheme" />
80
81            <intent-filter>
82                <action android:name="android.intent.action.MAIN" />
83
84                <category android:name="android.intent.category.LAUNCHER" />
85            </intent-filter>
86        </activity>
87        <!--
88             Don't delete the meta-data below.
89             This is used by the Flutter tool to generate GeneratedPluginRegistrant.java
90        -->
91        <meta-data
92            android:name="flutterEmbedding"
93            android:value="2" />
94
95        <provider
95-->[:image_picker_android] AndroidManifest.xml:9:9-17:20
96            android:name="io.flutter.plugins.imagepicker.ImagePickerFileProvider"
96-->[:image_picker_android] AndroidManifest.xml:10:13-82
97            android:authorities="com.example.app_02.flutter.image_provider"
97-->[:image_picker_android] AndroidManifest.xml:11:13-74
98            android:exported="false"
98-->[:image_picker_android] AndroidManifest.xml:12:13-37
99            android:grantUriPermissions="true" >
99-->[:image_picker_android] AndroidManifest.xml:13:13-47
100            <meta-data
100-->[:image_picker_android] AndroidManifest.xml:14:13-16:75
101                android:name="android.support.FILE_PROVIDER_PATHS"
101-->[:image_picker_android] AndroidManifest.xml:15:17-67
102                android:resource="@xml/flutter_image_picker_file_paths" />
102-->[:image_picker_android] AndroidManifest.xml:16:17-72
103        </provider> <!-- Trigger Google Play services to install the backported photo picker module. -->
104        <service
104-->[:image_picker_android] AndroidManifest.xml:19:9-31:19
105            android:name="com.google.android.gms.metadata.ModuleDependencies"
105-->[:image_picker_android] AndroidManifest.xml:20:13-78
106            android:enabled="false"
106-->[:image_picker_android] AndroidManifest.xml:21:13-36
107            android:exported="false" >
107-->[:image_picker_android] AndroidManifest.xml:22:13-37
108            <intent-filter>
108-->[:image_picker_android] AndroidManifest.xml:24:13-26:29
109                <action android:name="com.google.android.gms.metadata.MODULE_DEPENDENCIES" />
109-->[:image_picker_android] AndroidManifest.xml:25:17-94
109-->[:image_picker_android] AndroidManifest.xml:25:25-91
110            </intent-filter>
111
112            <meta-data
112-->[:image_picker_android] AndroidManifest.xml:28:13-30:36
113                android:name="photopicker_activity:0:required"
113-->[:image_picker_android] AndroidManifest.xml:29:17-63
114                android:value="" />
114-->[:image_picker_android] AndroidManifest.xml:30:17-33
115        </service> <!-- Needs to be explicitly declared on P+ -->
116        <uses-library
116-->[com.google.android.gms:play-services-maps:18.2.0] AndroidManifest.xml:39:9-41:40
117            android:name="org.apache.http.legacy"
117-->[com.google.android.gms:play-services-maps:18.2.0] AndroidManifest.xml:40:13-50
118            android:required="false" />
118-->[com.google.android.gms:play-services-maps:18.2.0] AndroidManifest.xml:41:13-37
119
120        <activity
120-->[com.google.android.gms:play-services-base:18.0.1] AndroidManifest.xml:20:9-22:45
121            android:name="com.google.android.gms.common.api.GoogleApiActivity"
121-->[com.google.android.gms:play-services-base:18.0.1] AndroidManifest.xml:20:19-85
122            android:exported="false"
122-->[com.google.android.gms:play-services-base:18.0.1] AndroidManifest.xml:22:19-43
123            android:theme="@android:style/Theme.Translucent.NoTitleBar" />
123-->[com.google.android.gms:play-services-base:18.0.1] AndroidManifest.xml:21:19-78
124
125        <meta-data
125-->[com.google.android.gms:play-services-basement:18.0.0] AndroidManifest.xml:21:9-23:69
126            android:name="com.google.android.gms.version"
126-->[com.google.android.gms:play-services-basement:18.0.0] AndroidManifest.xml:22:13-58
127            android:value="@integer/google_play_services_version" />
127-->[com.google.android.gms:play-services-basement:18.0.0] AndroidManifest.xml:23:13-66
128
129        <uses-library
129-->[androidx.window:window:1.2.0] AndroidManifest.xml:23:9-25:40
130            android:name="androidx.window.extensions"
130-->[androidx.window:window:1.2.0] AndroidManifest.xml:24:13-54
131            android:required="false" />
131-->[androidx.window:window:1.2.0] AndroidManifest.xml:25:13-37
132        <uses-library
132-->[androidx.window:window:1.2.0] AndroidManifest.xml:26:9-28:40
133            android:name="androidx.window.sidecar"
133-->[androidx.window:window:1.2.0] AndroidManifest.xml:27:13-51
134            android:required="false" />
134-->[androidx.window:window:1.2.0] AndroidManifest.xml:28:13-37
135
136        <provider
136-->[androidx.lifecycle:lifecycle-process:2.7.0] AndroidManifest.xml:24:9-32:20
137            android:name="androidx.startup.InitializationProvider"
137-->[androidx.lifecycle:lifecycle-process:2.7.0] AndroidManifest.xml:25:13-67
138            android:authorities="com.example.app_02.androidx-startup"
138-->[androidx.lifecycle:lifecycle-process:2.7.0] AndroidManifest.xml:26:13-68
139            android:exported="false" >
139-->[androidx.lifecycle:lifecycle-process:2.7.0] AndroidManifest.xml:27:13-37
140            <meta-data
140-->[androidx.lifecycle:lifecycle-process:2.7.0] AndroidManifest.xml:29:13-31:52
141                android:name="androidx.lifecycle.ProcessLifecycleInitializer"
141-->[androidx.lifecycle:lifecycle-process:2.7.0] AndroidManifest.xml:30:17-78
142                android:value="androidx.startup" />
142-->[androidx.lifecycle:lifecycle-process:2.7.0] AndroidManifest.xml:31:17-49
143            <meta-data
143-->[androidx.profileinstaller:profileinstaller:1.3.1] AndroidManifest.xml:29:13-31:52
144                android:name="androidx.profileinstaller.ProfileInstallerInitializer"
144-->[androidx.profileinstaller:profileinstaller:1.3.1] AndroidManifest.xml:30:17-85
145                android:value="androidx.startup" />
145-->[androidx.profileinstaller:profileinstaller:1.3.1] AndroidManifest.xml:31:17-49
146        </provider>
147
148        <receiver
148-->[androidx.profileinstaller:profileinstaller:1.3.1] AndroidManifest.xml:34:9-52:20
149            android:name="androidx.profileinstaller.ProfileInstallReceiver"
149-->[androidx.profileinstaller:profileinstaller:1.3.1] AndroidManifest.xml:35:13-76
150            android:directBootAware="false"
150-->[androidx.profileinstaller:profileinstaller:1.3.1] AndroidManifest.xml:36:13-44
151            android:enabled="true"
151-->[androidx.profileinstaller:profileinstaller:1.3.1] AndroidManifest.xml:37:13-35
152            android:exported="true"
152-->[androidx.profileinstaller:profileinstaller:1.3.1] AndroidManifest.xml:38:13-36
153            android:permission="android.permission.DUMP" >
153-->[androidx.profileinstaller:profileinstaller:1.3.1] AndroidManifest.xml:39:13-57
154            <intent-filter>
154-->[androidx.profileinstaller:profileinstaller:1.3.1] AndroidManifest.xml:40:13-42:29
155                <action android:name="androidx.profileinstaller.action.INSTALL_PROFILE" />
155-->[androidx.profileinstaller:profileinstaller:1.3.1] AndroidManifest.xml:41:17-91
155-->[androidx.profileinstaller:profileinstaller:1.3.1] AndroidManifest.xml:41:25-88
156            </intent-filter>
157            <intent-filter>
157-->[androidx.profileinstaller:profileinstaller:1.3.1] AndroidManifest.xml:43:13-45:29
158                <action android:name="androidx.profileinstaller.action.SKIP_FILE" />
158-->[androidx.profileinstaller:profileinstaller:1.3.1] AndroidManifest.xml:44:17-85
158-->[androidx.profileinstaller:profileinstaller:1.3.1] AndroidManifest.xml:44:25-82
159            </intent-filter>
160            <intent-filter>
160-->[androidx.profileinstaller:profileinstaller:1.3.1] AndroidManifest.xml:46:13-48:29
161                <action android:name="androidx.profileinstaller.action.SAVE_PROFILE" />
161-->[androidx.profileinstaller:profileinstaller:1.3.1] AndroidManifest.xml:47:17-88
161-->[androidx.profileinstaller:profileinstaller:1.3.1] AndroidManifest.xml:47:25-85
162            </intent-filter>
163            <intent-filter>
163-->[androidx.profileinstaller:profileinstaller:1.3.1] AndroidManifest.xml:49:13-51:29
164                <action android:name="androidx.profileinstaller.action.BENCHMARK_OPERATION" />
164-->[androidx.profileinstaller:profileinstaller:1.3.1] AndroidManifest.xml:50:17-95
164-->[androidx.profileinstaller:profileinstaller:1.3.1] AndroidManifest.xml:50:25-92
165            </intent-filter>
166        </receiver>
167    </application>
168
169</manifest>